
Copyright (C) 1994-2018 Synopsys, Inc.
This Synopsys software and all associated documentation are proprietary to Synopsys, Inc.
and may only be used pursuant to the terms and conditions of a written license agreement
with Synopsys, Inc. All other use, reproduction, modification, or distribution of the
Synopsys software or the associated documentation is strictly prohibited.
Tool: Synplify Pro (R)
Build: N-2018.03G-Beta6
Install: C:\Gowin\1.8\SynplifyPro
OS: Windows 6.2

Hostname: BEACONDEV3

Implementation : rev_1

# Written on Mon Oct  8 09:41:41 2018

##### FILES SYNTAX CHECKED ##############################################
Constraint File(s):      (none)

#Run constraint checker to find more issues with constraints.
#########################################################################



No issues found in constraint syntax.



Clock Summary
*************

          Start                 Requested     Requested     Clock        Clock                     Clock
Level     Clock                 Frequency     Period        Type         Group                     Load 
--------------------------------------------------------------------------------------------------------
0 -       ao_top|control[0]     164.5 MHz     6.078         inferred     Autoconstr_clkgroup_1     103  
                                                                                                        
0 -       ao_top|clk_i          240.4 MHz     4.160         inferred     Autoconstr_clkgroup_0     27   
========================================================================================================


Clock Load Summary
******************

                      Clock     Source               Clock Pin                 Non-clock Pin     Non-clock Pin       
Clock                 Load      Pin                  Seq Example               Seq Example       Comb Example        
---------------------------------------------------------------------------------------------------------------------
ao_top|control[0]     103       control[0](port)     data_register[25:0].C     -                 -                   
                                                                                                                     
ao_top|clk_i          27        clk_i(port)          rst_ao.C                  -                 clk_ao.I[0](keepbuf)
=====================================================================================================================
