
Copyright (C) 1994-2018 Synopsys, Inc.
This Synopsys software and all associated documentation are proprietary to Synopsys, Inc.
and may only be used pursuant to the terms and conditions of a written license agreement
with Synopsys, Inc. All other use, reproduction, modification, or distribution of the
Synopsys software or the associated documentation is strictly prohibited.
Tool: Synplify Pro (R)
Build: N-2018.03G-Beta6
Install: C:\Gowin\1.8\SynplifyPro
OS: Windows 6.2

Hostname: BEACONDEV3

Implementation : rev_1
Synopsys HDL compiler and linker, Version comp2018q1p1, Build 118R, Built May 15 2018 09:18:11

Modified Files: 1
FID:  path (prevtimestamp, timestamp)
5        C:\Gowin\gowin-blink\src\demo.v (2018-09-03 22:28:09, 2018-09-03 23:02:53)

*******************************************************************
Modules that may have changed as a result of file changes: 1
MID:  lib.cell.view
0        work.demo.verilog may have changed because the following files changed:
                        C:\Gowin\gowin-blink\src\demo.v (2018-09-03 22:28:09, 2018-09-03 23:02:53) <-- (module definition)

*******************************************************************
Unmodified files: 5
FID:  path (timestamp)
0        C:\Gowin\1.8\SynplifyPro\lib\generic\gw1n.v (2018-05-16 00:54:32)
1        C:\Gowin\1.8\SynplifyPro\lib\vlog\hypermods.v (2018-05-16 00:08:32)
2        C:\Gowin\1.8\SynplifyPro\lib\vlog\scemi_objects.v (2018-05-16 00:08:32)
3        C:\Gowin\1.8\SynplifyPro\lib\vlog\scemi_pipes.svh (2018-05-16 00:08:32)
4        C:\Gowin\1.8\SynplifyPro\lib\vlog\umr_capim.v (2018-05-16 00:08:32)

*******************************************************************
Unchanged modules: 0
MID:  lib.cell.view
