One matching license found for this product: synplifypro_gowin
NOTE:  This version of the software is not a production release. No warranty is made as to the general availability of features and functionality included in this version or described in the accompanying documentation. The final contents of a production release and its timing remain at the sole discretion of Synopsys.

Starting:    C:\Gowin\1.8\SynplifyPro\bin64\mbin\synbatch.exe
Install:     C:\Gowin\1.8\SynplifyPro
Hostname:    BEACONDEV3
Date:        Mon Oct  8 02:27:54 2018
Version:     N-2018.03G-Beta6

Arguments:   -product synplify_pro -batch C:/Gowin/gowin-blink/impl/synthesize/fpga_project.prj
ProductType: synplify_pro

License checkout: synplifypro_gowin
License: synplifypro_gowin node-locked 
Licensed Vendor: gowin

Running in Vendor Mode

log file: "C:\Gowin\gowin-blink\impl\synthesize\rev_1\fpga_project.srr"
Running: rev_1 in foreground

Running fpga_project|rev_1

Running Flow: compile (Compile) on fpga_project|rev_1
# Mon Oct  8 02:27:54 2018

Running Flow: compile_flow (Compile Process) on fpga_project|rev_1
# Mon Oct  8 02:27:54 2018

Running: compiler (Compile Input) on fpga_project|rev_1
# Mon Oct  8 02:27:54 2018
Copied C:\Gowin\gowin-blink\impl\synthesize\rev_1\synwork\fpga_project_comp.srs to C:\Gowin\gowin-blink\impl\synthesize\rev_1\fpga_project.srs

compiler completed
# Mon Oct  8 02:27:56 2018

Return Code: 0
Run Time:00h:00m:02s

Running: multi_srs_gen (Multi-srs Generator) on fpga_project|rev_1
# Mon Oct  8 02:27:56 2018

multi_srs_gen completed
# Mon Oct  8 02:27:56 2018

Return Code: 0
Run Time:00h:00m:00s
Copied C:\Gowin\gowin-blink\impl\synthesize\rev_1\synwork\fpga_project_mult.srs to C:\Gowin\gowin-blink\impl\synthesize\rev_1\fpga_project.srs
Complete: Compile Process on fpga_project|rev_1

Running: premap (Premap) on fpga_project|rev_1
# Mon Oct  8 02:27:56 2018

premap completed with warnings
# Mon Oct  8 02:27:58 2018

Return Code: 1
Run Time:00h:00m:02s
Complete: Compile on fpga_project|rev_1

Running Flow: map (Map) on fpga_project|rev_1
# Mon Oct  8 02:27:58 2018
License granted for 4 parallel jobs

Running: fpga_mapper (Map & Optimize) on fpga_project|rev_1
# Mon Oct  8 02:27:58 2018
Copied C:\Gowin\gowin-blink\impl\synthesize\rev_1\synwork\fpga_project_m.srm to C:\Gowin\gowin-blink\impl\synthesize\rev_1\fpga_project.srm

fpga_mapper completed with warnings
# Mon Oct  8 02:28:02 2018

Return Code: 1
Run Time:00h:00m:04s
Complete: Map on fpga_project|rev_1
Complete: Logic Synthesis on fpga_project|rev_1
exit status=0
exit status=0
License checkin: synplifypro_gowin
